1678103631.8429706, W10STAT-3-102, Windows, stampa_def.py, Programma iniziato alle ore 12:53:51 del giorno 06/03/2023 
1678103632.8059452, W10STAT-3-102, Windows, stampa_def.py, Programma terminato alle ore 12:53:52 del giorno 06/03/2023 
 ---------------------------------------------- 
1678103710.7210793, W10STAT-3-102, Windows, stampa_def.py, Programma iniziato alle ore 12:55:10 del giorno 06/03/2023 
1678103711.699689, W10STAT-3-102, Windows, stampa_def.py, Programma terminato alle ore 12:55:11 del giorno 06/03/2023 
 ---------------------------------------------- 
1678103762.429979, W10STAT-3-102, Windows, stampa_cla.py, Programma iniziato alle ore 12:56:02 del giorno 06/03/2023 
1678103799.26612, W10STAT-3-102, Windows, stampa_def.py, Programma iniziato alle ore 12:56:39 del giorno 06/03/2023 
1678103800.2547228, W10STAT-3-102, Windows, stampa_def.py, Programma terminato alle ore 12:56:40 del giorno 06/03/2023 
 ---------------------------------------------- 
1678104237.836066, W10STAT-3-102, Windows, stampa_def.py, Programma iniziato alle ore 13:03:57 del giorno 06/03/2023 
1678104238.8877962, W10STAT-3-102, Windows, stampa_def.py, Programma terminato alle ore 13:03:58 del giorno 06/03/2023 
 ---------------------------------------------- 
1678104297.1218357, W10STAT-3-102, Windows, stampa_def.py, Programma iniziato alle ore 13:04:57 del giorno 06/03/2023 
1678104297.8869357, W10STAT-3-102, Windows, stampa_def.py, Programma terminato alle ore 13:04:57 del giorno 06/03/2023 
 ---------------------------------------------- 
1678104478.8393297, W10STAT-3-102, Windows, stampa_def.py, Programma iniziato alle ore 13:07:58 del giorno 06/03/2023 
1678104479.4998736, W10STAT-3-102, Windows, stampa_def.py, Programma terminato alle ore 13:07:59 del giorno 06/03/2023 
 ---------------------------------------------- 
1678105949.756415, W10STAT-3-102, Windows, stampa.py, Programma iniziato alle ore 13:32:29 del giorno 06/03/2023 
1678105950.3893266, W10STAT-3-102, Windows, stampa.py, Programma terminato alle ore 13:32:30 del giorno 06/03/2023 
 ---------------------------------------------- 
1678106131.0252142, W10STAT-3-102, Windows, stampa.py, Programma iniziato alle ore 13:35:31 del giorno 06/03/2023 
1678106131.6916058, W10STAT-3-102, Windows, stampa.py, Programma terminato alle ore 13:35:31 del giorno 06/03/2023 
 ---------------------------------------------- 
1678106142.8080592, W10STAT-3-102, Windows, stampa.py, Programma iniziato alle ore 13:35:42 del giorno 06/03/2023 
1678106143.437602, W10STAT-3-102, Windows, stampa.py, Programma terminato alle ore 13:35:43 del giorno 06/03/2023 
 ---------------------------------------------- 
1678106155.1680515, W10STAT-3-102, Windows, stampa.py, Programma iniziato alle ore 13:35:55 del giorno 06/03/2023 
1678106155.8115034, W10STAT-3-102, Windows, stampa.py, Programma terminato alle ore 13:35:55 del giorno 06/03/2023 
 ---------------------------------------------- 
1678106174.6384988, W10STAT-3-102, Windows, stampa.py, Programma iniziato alle ore 13:36:14 del giorno 06/03/2023 
1678106175.2979393, W10STAT-3-102, Windows, stampa.py, Programma terminato alle ore 13:36:15 del giorno 06/03/2023 
 ---------------------------------------------- 
1678106185.727501, W10STAT-3-102, Windows, stampa.py, Programma iniziato alle ore 13:36:25 del giorno 06/03/2023 
1678106186.3817127, W10STAT-3-102, Windows, stampa.py, Programma terminato alle ore 13:36:26 del giorno 06/03/2023 
 ---------------------------------------------- 
1678106194.9622407, W10STAT-3-102, Windows, stampa.py, Programma iniziato alle ore 13:36:34 del giorno 06/03/2023 
1678106195.6317801, W10STAT-3-102, Windows, stampa.py, Programma terminato alle ore 13:36:35 del giorno 06/03/2023 
 ---------------------------------------------- 
1678106204.005189, W10STAT-3-102, Windows, stampa.py, Programma iniziato alle ore 13:36:44 del giorno 06/03/2023 
1678106204.654294, W10STAT-3-102, Windows, stampa.py, Programma terminato alle ore 13:36:44 del giorno 06/03/2023 
 ---------------------------------------------- 
1678106224.0462127, W10STAT-3-102, Windows, stampa.py, Programma iniziato alle ore 13:37:04 del giorno 06/03/2023 
1678106224.698135, W10STAT-3-102, Windows, stampa.py, Programma terminato alle ore 13:37:04 del giorno 06/03/2023 
 ---------------------------------------------- 
1678106237.1957946, W10STAT-3-102, Windows, stampa.py, Programma iniziato alle ore 13:37:17 del giorno 06/03/2023 
1678106237.8550043, W10STAT-3-102, Windows, stampa.py, Programma terminato alle ore 13:37:17 del giorno 06/03/2023 
 ---------------------------------------------- 
